Start testing: May 01 04:41 UTC
----------------------------------------------------------
1/29 Testing: test_queue
1/29 Test: test_queue
Command: "/home/runner/work/ova-lib/ova-lib/build-avx/bin/test_queue"
Directory: /home/runner/work/ova-lib/ova-lib/build-avx
"test_queue" start time: May 01 04:41 UTC
Output:
----------------------------------------------------------
[32m[PASS][0m Queue should be empty after initialization
[32m[PASS][0m Dequeue on empty queue returns NULL
[32m[PASS][0m Queue should not be empty after enqueue
[32m[PASS][0m Dequeued data should match the enqueued data
[32m[PASS][0m First dequeued data should match the first enqueued
[32m[PASS][0m Second dequeued data should match the second enqueued
[32m[PASS][0m Queue should be empty after dequeuing all elements
[32m[PASS][0m Queue high volume operations within time limit
[32m[PASS][0m Dequeued string data should match the enqueued string data
[32m[PASS][0m Queue enqueue returns OVA_SUCCESS
<end of output>
Test time =   0.00 sec
----------------------------------------------------------
Test Passed.
"test_queue" end time: May 01 04:41 UTC
"test_queue" time elapsed: 00:00:00
----------------------------------------------------------

2/29 Testing: test_priority_queue
2/29 Test: test_priority_queue
Command: "/home/runner/work/ova-lib/ova-lib/build-avx/bin/test_priority_queue"
Directory: /home/runner/work/ova-lib/ova-lib/build-avx
"test_priority_queue" start time: May 01 04:41 UTC
Output:
----------------------------------------------------------
[32m[PASS][0m Priority Queue should be empty after initialization
[32m[PASS][0m Dequeue on empty priority queue returns NULL
[32m[PASS][0m Priority Queue should not be empty after enqueue
[32m[PASS][0m Dequeued data should match the enqueued data
[32m[PASS][0m Highest priority element should be dequeued first (data2)
[32m[PASS][0m Next highest priority element should be dequeued second (data1)
[32m[PASS][0m Lowest priority element should be dequeued last (data3)
[32m[PASS][0m Priority Queue should be empty after all elements are dequeued
[32m[PASS][0m Priority Queue should have 1000 elements after enqueues
[32m[PASS][0m Priority Queue should be empty after dequeuing 1000 elements
[32m[PASS][0m Priority queue high volume within time limit
<end of output>
Test time =   0.00 sec
----------------------------------------------------------
Test Passed.
"test_priority_queue" end time: May 01 04:41 UTC
"test_priority_queue" time elapsed: 00:00:00
----------------------------------------------------------

3/29 Testing: test_binary_heap
3/29 Test: test_binary_heap
Command: "/home/runner/work/ova-lib/ova-lib/build-avx/bin/test_binary_heap"
Directory: /home/runner/work/ova-lib/ova-lib/build-avx
"test_binary_heap" start time: May 01 04:41 UTC
Output:
----------------------------------------------------------
[32m[PASS][0m Heap safe_double_capacity(10) == 20
[32m[PASS][0m Heap safe_double_capacity caps at INT_MAX
[32m[PASS][0m Heap safe_double_capacity(INT_MAX) stays INT_MAX
[32m[PASS][0m Heap put and extract max
[32m[PASS][0m Heap peek max
[32m[PASS][0m Heap empty on creation
[32m[PASS][0m Heap not empty after put
[32m[PASS][0m Pop on empty heap returns NULL
[32m[PASS][0m Heap high volume within time limit
[32m[PASS][0m Binary heap put returns OVA_SUCCESS
<end of output>
Test time =   0.00 sec
----------------------------------------------------------
Test Passed.
"test_binary_heap" end time: May 01 04:41 UTC
"test_binary_heap" time elapsed: 00:00:00
----------------------------------------------------------

4/29 Testing: test_fibonacci_heap
4/29 Test: test_fibonacci_heap
Command: "/home/runner/work/ova-lib/ova-lib/build-avx/bin/test_fibonacci_heap"
Directory: /home/runner/work/ova-lib/ova-lib/build-avx
"test_fibonacci_heap" start time: May 01 04:41 UTC
Output:
----------------------------------------------------------
[32m[PASS][0m Heap put and extract max
[32m[PASS][0m Heap peek max
[32m[PASS][0m Heap empty on creation
[32m[PASS][0m Heap not empty after put
[32m[PASS][0m Pop on empty fibonacci heap returns NULL
[32m[PASS][0m Fibonacci heap high volume within time limit
[32m[PASS][0m Put with handle returns valid handle
[32m[PASS][0m Decrease key updates minimum correctly
[32m[PASS][0m Decrease key with cascading cuts works correctly
[32m[PASS][0m Delete node reduces size correctly
[32m[PASS][0m Deleted node is not in heap
[32m[PASS][0m Delete min node updates minimum correctly
[32m[PASS][0m Complex operations maintain heap property
[32m[PASS][0m Complex operations maintain correct size
[32m[PASS][0m Fibonacci heap put returns OVA_SUCCESS
[32m[PASS][0m Fibonacci heap decrease_key returns OVA_SUCCESS
[32m[PASS][0m Fibonacci heap decrease_key with NULL handle returns OVA_ERROR_INVALID_ARG
[32m[PASS][0m Fibonacci heap delete_node returns OVA_SUCCESS
[32m[PASS][0m Fibonacci heap delete_node with NULL handle returns OVA_ERROR_INVALID_ARG
<end of output>
Test time =   0.00 sec
----------------------------------------------------------
Test Passed.
"test_fibonacci_heap" end time: May 01 04:41 UTC
"test_fibonacci_heap" time elapsed: 00:00:00
----------------------------------------------------------

5/29 Testing: test_hash
5/29 Test: test_hash
Command: "/home/runner/work/ova-lib/ova-lib/build-avx/bin/test_hash"
Directory: /home/runner/work/ova-lib/ova-lib/build-avx
"test_hash" start time: May 01 04:41 UTC
Output:
----------------------------------------------------------
[32m[PASS][0m Hash map safe_double_capacity(10) == 20
[32m[PASS][0m Hash map safe_double_capacity caps at INT_MAX
[32m[PASS][0m Hash map safe_double_capacity(INT_MAX) stays INT_MAX
[32m[PASS][0m Retrieve inserted data
[32m[PASS][0m Check resizing (capacity should be greater than initial)
[32m[PASS][0m Handle collisions correctly
[32m[PASS][0m Retrieve non-existent item
[32m[PASS][0m Insert and retrieve items with numeric keys
[32m[PASS][0m Remove an item
[32m[PASS][0m Data should be NULL after removal
[32m[PASS][0m Correct number of items stored
[32m[PASS][0m Should retrieve the last inserted data for a duplicate key
[32m[PASS][0m Should be able to retrieve data inserted with a NULL key
[32m[PASS][0m NULL key put/get with unsafe comparator should not segfault
[32m[PASS][0m Get with NULL key should return NULL when no NULL key stored
[32m[PASS][0m Remove with NULL key should work with unsafe comparator
[32m[PASS][0m Get after NULL key removal returns NULL
[32m[PASS][0m NULL key data retrievable alongside non-NULL keys
[32m[PASS][0m Non-NULL key data retrievable alongside NULL key
[32m[PASS][0m Should retrieve NULL for inserted NULL value
[32m[PASS][0m Get on empty map returns NULL
[32m[PASS][0m Hash table should be empty after repeated insertions and removals
[32m[PASS][0m Hash map high volume within time limit
[32m[PASS][0m Concurrent access test completed successfully.
[32m[PASS][0m Thread-safe hash map creation succeeds
[32m[PASS][0m Thread-safe hash map put and get work correctly
[32m[PASS][0m Map bulk put inserts all pairs
[32m[PASS][0m Map bulk put values are all retrievable
[32m[PASS][0m Map bulk put with duplicates has correct size
[32m[PASS][0m Map bulk put duplicate key retains last value
[32m[PASS][0m Map bulk put with count 0 does nothing
[32m[PASS][0m Map bulk put with NULL keys does nothing
[32m[PASS][0m Map bulk put with NULL values does nothing
[32m[PASS][0m Map bulk put with NULL map does not crash
[32m[PASS][0m Map put returns OVA_SUCCESS on valid insert
[32m[PASS][0m Map put returns OVA_SUCCESS on update
[32m[PASS][0m Map put_bulk with NULL returns OVA_ERROR_INVALID_ARG
<end of output>
Test time =   0.03 sec
----------------------------------------------------------
Test Passed.
"test_hash" end time: May 01 04:41 UTC
"test_hash" time elapsed: 00:00:00
----------------------------------------------------------

6/29 Testing: test_array_list
6/29 Test: test_array_list
Command: "/home/runner/work/ova-lib/ova-lib/build-avx/bin/test_array_list"
Directory: /home/runner/work/ova-lib/ova-lib/build-avx
"test_array_list" start time: May 01 04:41 UTC
Output:
----------------------------------------------------------
[32m[PASS][0m safe_double_capacity(1) == 2
[32m[PASS][0m safe_double_capacity(4) == 8
[32m[PASS][0m safe_double_capacity(100) == 200
[32m[PASS][0m safe_double_capacity(INT_MAX/2) doubles without overflow
[32m[PASS][0m safe_double_capacity(INT_MAX/2+1) returns INT_MAX
[32m[PASS][0m safe_double_capacity(INT_MAX) returns INT_MAX
[32m[PASS][0m safe_double_capacity(INT_MAX-1) returns INT_MAX
[32m[PASS][0m Array List put and get operations
[32m[PASS][0m Array List remove operation
[32m[PASS][0m Array List capacity increase
[32m[PASS][0m Insert at specific index
[32m[PASS][0m Access out of bounds should return NULL
[32m[PASS][0m Insert invalid index should not modify list
[32m[PASS][0m High volume insertion should match the count
[32m[PASS][0m Array list high volume within time limit
[32m[PASS][0m Array List should release internal buffer on free
[32m[PASS][0m Array List bulk insert adds all elements
[32m[PASS][0m Array List bulk insert with count 0 does nothing
[32m[PASS][0m Array List bulk insert with NULL elements does nothing
[32m[PASS][0m Array List bulk insert with NULL list does not crash
[32m[PASS][0m Array List insert at valid index returns OVA_SUCCESS
[32m[PASS][0m Array List insert at negative index returns OVA_ERROR_INDEX_OUT_OF_BOUNDS
[32m[PASS][0m Array List insert beyond size returns OVA_ERROR_INDEX_OUT_OF_BOUNDS
[32m[PASS][0m Array List remove at valid index returns OVA_SUCCESS
[32m[PASS][0m Array List remove from empty list returns OVA_ERROR_INDEX_OUT_OF_BOUNDS
[32m[PASS][0m Array List remove at negative index returns OVA_ERROR_INDEX_OUT_OF_BOUNDS
[32m[PASS][0m Array List bulk insert returns OVA_SUCCESS
[32m[PASS][0m Array List bulk insert with NULL returns OVA_ERROR_INVALID_ARG
[32m[PASS][0m Array List bulk insert with count 0 returns OVA_ERROR_INVALID_ARG
<end of output>
Test time =   0.00 sec
----------------------------------------------------------
Test Passed.
"test_array_list" end time: May 01 04:41 UTC
"test_array_list" time elapsed: 00:00:00
----------------------------------------------------------

7/29 Testing: test_linked_list
7/29 Test: test_linked_list
Command: "/home/runner/work/ova-lib/ova-lib/build-avx/bin/test_linked_list"
Directory: /home/runner/work/ova-lib/ova-lib/build-avx
"test_linked_list" start time: May 01 04:41 UTC
Output:
----------------------------------------------------------
[32m[PASS][0m Linked List put and get operations
[32m[PASS][0m Linked List remove operation
[32m[PASS][0m Linked List capacity increase
[32m[PASS][0m Insert at specific index
[32m[PASS][0m Access out of bounds should return NULL
[32m[PASS][0m Linked list invalid index insert does nothing
[32m[PASS][0m List should be empty after clear
[32m[PASS][0m High volume insertion should match the count
[32m[PASS][0m Linked list high volume within time limit
[32m[PASS][0m Linked List insert at valid index returns OVA_SUCCESS
[32m[PASS][0m Linked List insert at negative index returns OVA_ERROR_INDEX_OUT_OF_BOUNDS
[32m[PASS][0m Linked List insert beyond size returns OVA_ERROR_INDEX_OUT_OF_BOUNDS
[32m[PASS][0m Linked List remove at valid index returns OVA_SUCCESS
[32m[PASS][0m Linked List remove from empty returns OVA_ERROR_INDEX_OUT_OF_BOUNDS
[32m[PASS][0m Linked list sequential forward access
[32m[PASS][0m Linked list sequential reverse access
[32m[PASS][0m Linked list random access pattern
[32m[PASS][0m Linked list get after remove invalidates cursor
<end of output>
Test time =   0.00 sec
----------------------------------------------------------
Test Passed.
"test_linked_list" end time: May 01 04:41 UTC
"test_linked_list" time elapsed: 00:00:00
----------------------------------------------------------

8/29 Testing: test_sorted_list
8/29 Test: test_sorted_list
Command: "/home/runner/work/ova-lib/ova-lib/build-avx/bin/test_sorted_list"
Directory: /home/runner/work/ova-lib/ova-lib/build-avx
"test_sorted_list" start time: May 01 04:41 UTC
Output:
----------------------------------------------------------
[32m[PASS][0m Sorted list maintains order on insert
[32m[PASS][0m Sorted list get retrieves ordered values
[32m[PASS][0m Sorted list remove maintains ordering
<end of output>
Test time =   0.00 sec
----------------------------------------------------------
Test Passed.
"test_sorted_list" end time: May 01 04:41 UTC
"test_sorted_list" time elapsed: 00:00:00
----------------------------------------------------------

9/29 Testing: test_sorter
9/29 Test: test_sorter
Command: "/home/runner/work/ova-lib/ova-lib/build-avx/bin/test_sorter"
Directory: /home/runner/work/ova-lib/ova-lib/build-avx
"test_sorter" start time: May 01 04:41 UTC
Output:
----------------------------------------------------------
[32m[PASS][0m Sorter sort operation ensures list is sorted
[32m[PASS][0m Shuffle operation should change the order of items
[32m[PASS][0m Reverse operation
[32m[PASS][0m Binary search operation found the correct index
[32m[PASS][0m Sort on empty list safe
[32m[PASS][0m Large sort within time limit
[32m[PASS][0m Copy operation
[32m[PASS][0m Min Max operation
[32m[PASS][0m Min operation
[32m[PASS][0m Max operation
[32m[PASS][0m Merge sorter sort operation ensures list is sorted
[32m[PASS][0m Merge sort on empty list safe
[32m[PASS][0m Merge sort on single element
[32m[PASS][0m Merge sort on already sorted list
[32m[PASS][0m Merge sort large within time limit
<end of output>
Test time =   0.00 sec
----------------------------------------------------------
Test Passed.
"test_sorter" end time: May 01 04:41 UTC
"test_sorter" time elapsed: 00:00:00
----------------------------------------------------------

10/29 Testing: test_linked_stack
10/29 Test: test_linked_stack
Command: "/home/runner/work/ova-lib/ova-lib/build-avx/bin/test_linked_stack"
Directory: /home/runner/work/ova-lib/ova-lib/build-avx
"test_linked_stack" start time: May 01 04:41 UTC
Output:
----------------------------------------------------------
[32m[PASS][0m Array Stack push and pop operations
[32m[PASS][0m Array Stack should be empty after pop
[32m[PASS][0m Array stack top on new stack NULL
[32m[PASS][0m Array stack top after push
[32m[PASS][0m Array stack top NULL after pop
[32m[PASS][0m Array stack high volume within time limit
<end of output>
Test time =   0.00 sec
----------------------------------------------------------
Test Passed.
"test_linked_stack" end time: May 01 04:41 UTC
"test_linked_stack" time elapsed: 00:00:00
----------------------------------------------------------

11/29 Testing: test_array_stack
11/29 Test: test_array_stack
Command: "/home/runner/work/ova-lib/ova-lib/build-avx/bin/test_array_stack"
Directory: /home/runner/work/ova-lib/ova-lib/build-avx
"test_array_stack" start time: May 01 04:41 UTC
Output:
----------------------------------------------------------
[32m[PASS][0m Linked Stack push and pop operations
[32m[PASS][0m Linked Stack should be empty after pop
[32m[PASS][0m Top on new stack returns NULL
[32m[PASS][0m Top after push returns element
[32m[PASS][0m Top after pop returns NULL
[32m[PASS][0m Stack high volume within time limit
[32m[PASS][0m Stack push returns OVA_SUCCESS
<end of output>
Test time =   0.00 sec
----------------------------------------------------------
Test Passed.
"test_array_stack" end time: May 01 04:41 UTC
"test_array_stack" time elapsed: 00:00:00
----------------------------------------------------------

12/29 Testing: test_matrix
12/29 Test: test_matrix
Command: "/home/runner/work/ova-lib/ova-lib/build-avx/bin/test_matrix"
Directory: /home/runner/work/ova-lib/ova-lib/build-avx
"test_matrix" start time: May 01 04:41 UTC
Output:
----------------------------------------------------------
[32m[PASS][0m Matrix Add
[32m[PASS][0m Matrix Subtract
[32m[PASS][0m Matrix Multiply
[32m[PASS][0m Matrix Determinant
[32m[PASS][0m Matrix Transpose
[32m[PASS][0m Matrix Inverse
<end of output>
Test time =   0.00 sec
----------------------------------------------------------
Test Passed.
"test_matrix" end time: May 01 04:41 UTC
"test_matrix" time elapsed: 00:00:00
----------------------------------------------------------

13/29 Testing: test_matrix_extra
13/29 Test: test_matrix_extra
Command: "/home/runner/work/ova-lib/ova-lib/build-avx/bin/test_matrix_extra"
Directory: /home/runner/work/ova-lib/ova-lib/build-avx
"test_matrix_extra" start time: May 01 04:41 UTC
Output:
----------------------------------------------------------
Matrix dimension mismatch in add: (2×2) vs (3×2)
Matrix dimension mismatch in add: (2×2) vs (2×3)
Matrix dimension mismatch in subtract: (2×2) vs (3×2)
Matrix dimension mismatch in subtract: (2×2) vs (2×3)
Matrix dimension mismatch in multiply: (2×3) * (2×2)
Matrix dimension mismatch in strassen multiply: (2×3) * (2×2)
[32m[PASS][0m create_matrix should fail on zero dimension
[32m[PASS][0m matrix_resize should preserve data and update size
[32m[PASS][0m matrix_resize should support shrinking and expanding safely
[32m[PASS][0m matrix_resize failure should not alter matrix state
[32m[PASS][0m matrix_copy should duplicate matrix
[32m[PASS][0m matrix_inverse should fail for singular matrix
[32m[PASS][0m determinant on non square matrix errors
[32m[PASS][0m Large matrix multiply within time limit
[32m[PASS][0m vector_resize should expand and zero new elements
[32m[PASS][0m matrix_add should return NULL on row mismatch
[32m[PASS][0m matrix_add should return NULL on col mismatch
[32m[PASS][0m matrix_subtract should return NULL on row mismatch
[32m[PASS][0m matrix_subtract should return NULL on col mismatch
[32m[PASS][0m matrix add/subtract correct on large non-multiple-of-4 cols
[32m[PASS][0m matrix_multiply should return NULL when cols != rows
[32m[PASS][0m strassen multiply matches naive for non-square input
[32m[PASS][0m strassen A*I == A
[32m[PASS][0m strassen matches naive for 100x100 matrices
[32m[PASS][0m strassen should return NULL when cols != rows
<end of output>
Test time =   0.00 sec
----------------------------------------------------------
Test Passed.
"test_matrix_extra" end time: May 01 04:41 UTC
"test_matrix_extra" time elapsed: 00:00:00
----------------------------------------------------------

14/29 Testing: test_vector_simd
14/29 Test: test_vector_simd
Command: "/home/runner/work/ova-lib/ova-lib/build-avx/bin/test_vector_simd"
Directory: /home/runner/work/ova-lib/ova-lib/build-avx
"test_vector_simd" start time: May 01 04:41 UTC
Output:
----------------------------------------------------------
[32m[PASS][0m vector_add_simd basic
[32m[PASS][0m vector_add_simd large vector (1024 elements)
[32m[PASS][0m vector_add_simd size mismatch returns NULL
[32m[PASS][0m vector_add_simd NULL argument returns NULL
[32m[PASS][0m vector_subtract_simd basic
[32m[PASS][0m vector_subtract_simd size mismatch returns NULL
[32m[PASS][0m vector_dot_product_simd basic
[32m[PASS][0m vector_dot_product_simd large vector (1024 elements)
[32m[PASS][0m vector_dot_product_simd size mismatch returns 0
[32m[PASS][0m vector_scale_simd basic
[32m[PASS][0m vector_scale_simd large vector (1024 elements)
[32m[PASS][0m vector_scale_simd NULL returns NULL
[32m[PASS][0m vector_add_simd single element
<end of output>
Test time =   0.00 sec
----------------------------------------------------------
Test Passed.
"test_vector_simd" end time: May 01 04:41 UTC
"test_vector_simd" time elapsed: 00:00:00
----------------------------------------------------------

15/29 Testing: test_solver
15/29 Test: test_solver
Command: "/home/runner/work/ova-lib/ova-lib/build-avx/bin/test_solver"
Directory: /home/runner/work/ova-lib/ova-lib/build-avx
"test_solver" start time: May 01 04:41 UTC
Output:
----------------------------------------------------------
[32m[PASS][0m Solver stores the final solution vector behind accessors
[32m[PASS][0m Simplex solver finds the expected optimum for the 2-variable problem
[32m[PASS][0m Simplex solver finds the expected optimum for the 3-variable problem
[32m[PASS][0m Branch-and-bound finds integer optimum when LP relaxation is already integer
[32m[PASS][0m Branch-and-bound finds feasible integer solution for fractional LP
[32m[PASS][0m Branch-and-cut finds integer optimum when LP relaxation is already integer
[32m[PASS][0m Branch-and-cut finds feasible integer solution for fractional LP
[32m[PASS][0m Lagrangean relaxation finds feasible integer solution
[32m[PASS][0m Integer programming solver types are correctly reported
<end of output>
Test time =   0.00 sec
----------------------------------------------------------
Test Passed.
"test_solver" end time: May 01 04:41 UTC
"test_solver" time elapsed: 00:00:00
----------------------------------------------------------

16/29 Testing: test_graph
16/29 Test: test_graph
Command: "/home/runner/work/ova-lib/ova-lib/build-avx/bin/test_graph"
Directory: /home/runner/work/ova-lib/ova-lib/build-avx
"test_graph" start time: May 01 04:41 UTC
Output:
----------------------------------------------------------
[32m[PASS][0m graph_add_edge implicitly adds missing vertices
[32m[PASS][0m directed edge exists after add
[32m[PASS][0m reverse edge should not exist in directed graph
[32m[PASS][0m graph_add_edge implicitly adds missing vertices
[32m[PASS][0m directed edge exists after add
[32m[PASS][0m reverse edge should not exist in directed graph
[32m[PASS][0m undirected add_edge creates symmetric edges
[32m[PASS][0m edge weight is stored (0->1)
[32m[PASS][0m graph_remove_edge removes symmetric edges
[32m[PASS][0m graph_get_neighbors returns expected neighbor count
[32m[PASS][0m graph_get_neighbors contains expected vertices
[32m[PASS][0m undirected add_edge creates symmetric edges
[32m[PASS][0m edge weight is stored (0->1)
[32m[PASS][0m graph_remove_edge removes symmetric edges
[32m[PASS][0m graph_get_neighbors returns expected neighbor count
[32m[PASS][0m graph_get_neighbors contains expected vertices
<end of output>
Test time =   0.00 sec
----------------------------------------------------------
Test Passed.
"test_graph" end time: May 01 04:41 UTC
"test_graph" time elapsed: 00:00:00
----------------------------------------------------------

17/29 Testing: test_graph_algorithms
17/29 Test: test_graph_algorithms
Command: "/home/runner/work/ova-lib/ova-lib/build-avx/bin/test_graph_algorithms"
Directory: /home/runner/work/ova-lib/ova-lib/build-avx
"test_graph_algorithms" start time: May 01 04:41 UTC
Output:
----------------------------------------------------------
[32m[PASS][0m traverse visit order with BFS strategy
[32m[PASS][0m traverse visit order with BFS strategy (matrix)
[32m[PASS][0m traverse visit order with DFS iterative strategy
[32m[PASS][0m traverse visit order with DFS iterative strategy (matrix)
[32m[PASS][0m traverse visit order with DFS recursive strategy
[32m[PASS][0m traverse visit order with DFS recursive strategy (matrix)
[32m[PASS][0m min_path returns distances with Dijkstra strategy
[32m[PASS][0m min_path returns correct Dijkstra distances
[32m[PASS][0m min_path returns distances with Dijkstra strategy
[32m[PASS][0m min_path returns correct Dijkstra distances
[32m[PASS][0m min_path returns distances with Bellman-Ford strategy
[32m[PASS][0m min_path returns correct Bellman-Ford distance to vertex 3
[32m[PASS][0m min_path returns distances with Bellman-Ford strategy
[32m[PASS][0m min_path returns correct Bellman-Ford distance to vertex 3
[32m[PASS][0m min_path detects reachable negative cycle with Bellman-Ford strategy
[32m[PASS][0m min_path detects reachable negative cycle with Bellman-Ford strategy
[32m[PASS][0m Prim returns |V|-1 edges
[32m[PASS][0m Prim MST total weight is correct
[32m[PASS][0m Kruskal returns |V|-1 edges
[32m[PASS][0m Kruskal MST total weight is correct
[32m[PASS][0m Prim returns |V|-1 edges
[32m[PASS][0m Prim MST total weight is correct
[32m[PASS][0m Kruskal returns |V|-1 edges
[32m[PASS][0m Kruskal MST total weight is correct
[32m[PASS][0m Connected components returns expected number of components
[32m[PASS][0m Connected components sizes match expected
[32m[PASS][0m SCC returns expected number of components
[32m[PASS][0m Connected components returns expected number of components
[32m[PASS][0m Connected components sizes match expected
[32m[PASS][0m SCC returns expected number of components
[32m[PASS][0m DAG has no cycle
[32m[PASS][0m Topological sort returns all vertices
[32m[PASS][0m Topological ordering respects edges
[32m[PASS][0m Directed cycle is detected
[32m[PASS][0m Topological sort returns NULL on cyclic graph
[32m[PASS][0m DAG has no cycle
[32m[PASS][0m Topological sort returns all vertices
[32m[PASS][0m Topological ordering respects edges
[32m[PASS][0m Directed cycle is detected
[32m[PASS][0m Topological sort returns NULL on cyclic graph
<end of output>
Test time =   0.00 sec
----------------------------------------------------------
Test Passed.
"test_graph_algorithms" end time: May 01 04:41 UTC
"test_graph_algorithms" time elapsed: 00:00:00
----------------------------------------------------------

18/29 Testing: test_avl_tree
18/29 Test: test_avl_tree
Command: "/home/runner/work/ova-lib/ova-lib/build-avx/bin/test_avl_tree"
Directory: /home/runner/work/ova-lib/ova-lib/build-avx
"test_avl_tree" start time: May 01 04:41 UTC
Output:
----------------------------------------------------------
[32m[PASS][0m AVL tree search returns correct value
[32m[PASS][0m AVL tree insert updates existing key value
[32m[PASS][0m AVL tree min returns smallest key value
[32m[PASS][0m AVL tree max returns largest key value
[32m[PASS][0m AVL tree predecessor returns correct value
[32m[PASS][0m AVL tree successor returns correct value
[32m[PASS][0m AVL predecessor works for missing key
[32m[PASS][0m AVL successor works for missing key
[32m[PASS][0m AVL tree range query returns ordered values
[32m[PASS][0m AVL in-order traversal yields sorted keys
[32m[PASS][0m AVL delete removes leaf node
[32m[PASS][0m AVL delete removes internal node
[32m[PASS][0m AVL delete removes two-child node
[32m[PASS][0m AVL traversal remains sorted after deletes
[32m[PASS][0m AVL tree_size matches remaining items
[32m[PASS][0m AVL delete on missing key is a no-op
[32m[PASS][0m AVL tree insert returns OVA_SUCCESS
[32m[PASS][0m AVL tree delete returns OVA_SUCCESS
<end of output>
Test time =   0.00 sec
----------------------------------------------------------
Test Passed.
"test_avl_tree" end time: May 01 04:41 UTC
"test_avl_tree" time elapsed: 00:00:00
----------------------------------------------------------

19/29 Testing: test_red_black_tree
19/29 Test: test_red_black_tree
Command: "/home/runner/work/ova-lib/ova-lib/build-avx/bin/test_red_black_tree"
Directory: /home/runner/work/ova-lib/ova-lib/build-avx
"test_red_black_tree" start time: May 01 04:41 UTC
Output:
----------------------------------------------------------
[32m[PASS][0m RB tree search returns correct value
[32m[PASS][0m RB tree insert updates existing key value
[32m[PASS][0m RB tree min returns smallest key value
[32m[PASS][0m RB tree max returns largest key value
[32m[PASS][0m RB predecessor returns correct value
[32m[PASS][0m RB successor returns correct value
[32m[PASS][0m RB predecessor works for missing key
[32m[PASS][0m RB successor works for missing key
[32m[PASS][0m RB range query returns ordered values
[32m[PASS][0m RB in-order traversal yields sorted keys
[32m[PASS][0m RB delete removes leaf node
[32m[PASS][0m RB delete removes internal node
[32m[PASS][0m RB delete removes two-child node
[32m[PASS][0m RB traversal remains sorted after deletes
[32m[PASS][0m RB tree_size matches remaining items
[32m[PASS][0m RB delete on missing key is a no-op
<end of output>
Test time =   0.00 sec
----------------------------------------------------------
Test Passed.
"test_red_black_tree" end time: May 01 04:41 UTC
"test_red_black_tree" time elapsed: 00:00:00
----------------------------------------------------------

20/29 Testing: test_set
20/29 Test: test_set
Command: "/home/runner/work/ova-lib/ova-lib/build-avx/bin/test_set"
Directory: /home/runner/work/ova-lib/ova-lib/build-avx
"test_set" start time: May 01 04:41 UTC
Output:
----------------------------------------------------------
[32m[PASS][0m Hash set add inserts unique elements
[32m[PASS][0m Hash set size reflects inserted elements
[32m[PASS][0m Hash set add returns false on duplicate
[32m[PASS][0m Hash set contains finds inserted elements
[32m[PASS][0m Hash set remove deletes existing element
[32m[PASS][0m Hash set contains is false after removal
[32m[PASS][0m Hash set size decreases after removal
[32m[PASS][0m Hash set remove returns false when missing
[32m[PASS][0m Hash set to_list returns all elements
[32m[PASS][0m Set union combines unique elements (hash)
[32m[PASS][0m Set intersection finds common elements (hash)
[32m[PASS][0m Set difference removes elements present in other (hash)
[32m[PASS][0m Subset check works (hash)
[32m[PASS][0m Tree set size reflects inserted elements
[32m[PASS][0m Tree set contains finds inserted elements
[32m[PASS][0m Tree set to_list yields ordered elements
[32m[PASS][0m Tree set remove deletes existing elements
[32m[PASS][0m Tree set size decreases after removals
[32m[PASS][0m Tree set remains ordered after removals
[32m[PASS][0m Tree set union produces ordered result
[32m[PASS][0m Hash set bulk add inserts all elements
[32m[PASS][0m Hash set bulk add elements are all findable
[32m[PASS][0m Tree set bulk add inserts all elements
[32m[PASS][0m Tree set bulk add maintains order
[32m[PASS][0m Set bulk add skips duplicates
[32m[PASS][0m Set bulk add with count 0 does nothing
[32m[PASS][0m Set bulk add with NULL elements does nothing
[32m[PASS][0m Set bulk add with NULL set does not crash
<end of output>
Test time =   0.00 sec
----------------------------------------------------------
Test Passed.
"test_set" end time: May 01 04:41 UTC
"test_set" time elapsed: 00:00:00
----------------------------------------------------------

21/29 Testing: test_trie
21/29 Test: test_trie
Command: "/home/runner/work/ova-lib/ova-lib/build-avx/bin/test_trie"
Directory: /home/runner/work/ova-lib/ova-lib/build-avx
"test_trie" start time: May 01 04:41 UTC
Output:
----------------------------------------------------------
[32m[PASS][0m Trie search finds inserted word
[32m[PASS][0m Trie search returns NULL for missing word
[32m[PASS][0m Trie insert updates existing word value
[32m[PASS][0m Trie count_words tracks unique words
[32m[PASS][0m Trie starts_with is true for existing prefix
[32m[PASS][0m Trie starts_with is false for missing prefix
[32m[PASS][0m Trie count_prefixes counts words with prefix
[32m[PASS][0m Trie get_words_with_prefix returns expected words in order
[32m[PASS][0m Trie delete removes existing word
[32m[PASS][0m Trie search is NULL after delete
[32m[PASS][0m Trie delete does not remove longer words sharing prefix
[32m[PASS][0m Trie count_words decreases after delete
[32m[PASS][0m Trie count_prefixes reflects remaining words
[32m[PASS][0m Trie get_words_with_prefix reflects deletions
[32m[PASS][0m Trie delete returns false for missing word
[32m[PASS][0m SSO search finds short key 'hello'
[32m[PASS][0m SSO search finds short key 'world'
[32m[PASS][0m SSO search NULL for prefix of SSO word
[32m[PASS][0m SSO search NULL for longer non-existent word
[32m[PASS][0m SSO search NULL for single char prefix
[32m[PASS][0m SSO search still finds 'hello' after expansion
[32m[PASS][0m SSO search finds 'help' after expansion
[32m[PASS][0m SSO count_words correct after expansion
[32m[PASS][0m SSO starts_with single char prefix
[32m[PASS][0m SSO starts_with partial prefix
[32m[PASS][0m SSO starts_with full word as prefix
[32m[PASS][0m SSO starts_with false for longer string
[32m[PASS][0m SSO starts_with false for wrong prefix
[32m[PASS][0m SSO count_prefixes for single char
[32m[PASS][0m SSO count_prefixes for partial prefix
[32m[PASS][0m SSO count_prefixes for full word
[32m[PASS][0m SSO count_prefixes 0 for wrong prefix
[32m[PASS][0m SSO get_words_with_prefix returns word for partial prefix
[32m[PASS][0m SSO get_words_with_prefix returns word for exact prefix
[32m[PASS][0m SSO count_words after inserting shorter key
[32m[PASS][0m SSO search finds shorter key after expansion
[32m[PASS][0m SSO search still finds longer key after expansion
[32m[PASS][0m SSO count_prefixes updated after expansion
[32m[PASS][0m SSO word exists before delete
[32m[PASS][0m SSO delete returns true for SSO word
[32m[PASS][0m SSO word gone after delete
[32m[PASS][0m SSO count_words 0 after delete
[32m[PASS][0m SSO two words inserted
[32m[PASS][0m SSO delete 'apple' after expansion
[32m[PASS][0m SSO 'apple' gone after delete
[32m[PASS][0m SSO 'apply' survives sibling delete
[32m[PASS][0m SSO count_words 1 after delete
[32m[PASS][0m SSO delete false for prefix of existing word
[32m[PASS][0m SSO search single char key 'a'
[32m[PASS][0m SSO search 'abc' after single char insert
[32m[PASS][0m SSO search 'x' inserted after 'xyz'
[32m[PASS][0m SSO search 'xyz' still works after 'x' insert
[32m[PASS][0m SSO value is 100 initially
[32m[PASS][0m SSO value updated to 200
[32m[PASS][0m SSO count_words still 1 after update
[32m[PASS][0m Trie insert returns OVA_SUCCESS
[32m[PASS][0m Trie insert update returns OVA_SUCCESS
<end of output>
Test time =   0.00 sec
----------------------------------------------------------
Test Passed.
"test_trie" end time: May 01 04:41 UTC
"test_trie" time elapsed: 00:00:00
----------------------------------------------------------

22/29 Testing: test_bloom_filter
22/29 Test: test_bloom_filter
Command: "/home/runner/work/ova-lib/ova-lib/build-avx/bin/test_bloom_filter"
Directory: /home/runner/work/ova-lib/ova-lib/build-avx
"test_bloom_filter" start time: May 01 04:41 UTC
Output:
----------------------------------------------------------
[32m[PASS][0m Bloom filter rejects expected_elements <= 0
[32m[PASS][0m Bloom filter rejects false_positive_rate <= 0
[32m[PASS][0m Bloom filter rejects false_positive_rate >= 1
[32m[PASS][0m Bloom filter has no false negatives (k1)
[32m[PASS][0m Bloom filter has no false negatives (k2)
[32m[PASS][0m Bloom filter supports binary keys
[32m[PASS][0m Bloom filter current_fpp returns value in [0,1]
[32m[PASS][0m Bloom filter current_fpp increases after inserts
[32m[PASS][0m Bloom filter clear resets membership (k1)
[32m[PASS][0m Bloom filter clear resets membership (k2)
[32m[PASS][0m Bloom filter current_fpp is 0 after clear
[32m[PASS][0m Bloom filter supports empty keys (NULL, 0) - no false negative
[32m[PASS][0m Bloom filter supports empty keys (ptr, 0) - no false negative
[32m[PASS][0m Bloom filter treats all empty keys consistently - no false negative
[32m[PASS][0m Bloom filter works for non-empty keys after empty key insert
<end of output>
Test time =   0.00 sec
----------------------------------------------------------
Test Passed.
"test_bloom_filter" end time: May 01 04:41 UTC
"test_bloom_filter" time elapsed: 00:00:00
----------------------------------------------------------

23/29 Testing: test_deque
23/29 Test: test_deque
Command: "/home/runner/work/ova-lib/ova-lib/build-avx/bin/test_deque"
Directory: /home/runner/work/ova-lib/ova-lib/build-avx
"test_deque" start time: May 01 04:41 UTC
Output:
----------------------------------------------------------
[32m[PASS][0m Deque safe_double_capacity(16) == 32
[32m[PASS][0m Deque safe_double_capacity caps at INT_MAX
[32m[PASS][0m Deque safe_double_capacity(INT_MAX) stays INT_MAX
[32m[PASS][0m Deque should be created successfully
[32m[PASS][0m New deque should be empty
[32m[PASS][0m New deque should have size 0
[32m[PASS][0m Deque with default capacity should be created
[32m[PASS][0m Deque should not be empty after push_front
[32m[PASS][0m Deque size should be 1 after one push_front
[32m[PASS][0m Front element should be 42
[32m[PASS][0m Deque should not be empty after push_back
[32m[PASS][0m Deque size should be 1 after one push_back
[32m[PASS][0m Back element should be 99
[32m[PASS][0m Deque size should be 3 after three push_front
[32m[PASS][0m First pop_front should return 3
[32m[PASS][0m Second pop_front should return 2
[32m[PASS][0m Third pop_front should return 1
[32m[PASS][0m Deque should be empty after popping all elements
[32m[PASS][0m Deque size should be 3 after three push_back
[32m[PASS][0m First pop_back should return 30
[32m[PASS][0m Second pop_back should return 20
[32m[PASS][0m Third pop_back should return 10
[32m[PASS][0m Deque should be empty after popping all elements
[32m[PASS][0m Deque size should be 4
[32m[PASS][0m Front should be 4
[32m[PASS][0m Back should be 3
[32m[PASS][0m Pop front should return 4
[32m[PASS][0m Pop back should return 3
[32m[PASS][0m Deque size should be 2
[32m[PASS][0m Deque size should be 5
[32m[PASS][0m Element at index should match expected value
[32m[PASS][0m Element at index should match expected value
[32m[PASS][0m Element at index should match expected value
[32m[PASS][0m Element at index should match expected value
[32m[PASS][0m Element at index should match expected value
[32m[PASS][0m Get with negative index should return NULL
[32m[PASS][0m Get with index >= size should return NULL
[32m[PASS][0m Index 0 should be 2
[32m[PASS][0m Index 3 should be 5
[32m[PASS][0m Deque should contain 20 elements after resize
[32m[PASS][0m Element should be correct after resize
[32m[PASS][0m Element should be correct after resize
[32m[PASS][0m Element should be correct after resize
[32m[PASS][0m Element should be correct after resize
[32m[PASS][0m Element should be correct after resize
[32m[PASS][0m Element should be correct after resize
[32m[PASS][0m Element should be correct after resize
[32m[PASS][0m Element should be correct after resize
[32m[PASS][0m Element should be correct after resize
[32m[PASS][0m Element should be correct after resize
[32m[PASS][0m Element should be correct after resize
[32m[PASS][0m Element should be correct after resize
[32m[PASS][0m Element should be correct after resize
[32m[PASS][0m Element should be correct after resize
[32m[PASS][0m Element should be correct after resize
[32m[PASS][0m Element should be correct after resize
[32m[PASS][0m Element should be correct after resize
[32m[PASS][0m Element should be correct after resize
[32m[PASS][0m Element should be correct after resize
[32m[PASS][0m Element should be correct after resize
[32m[PASS][0m Deque should contain 20 elements
[32m[PASS][0m Element should be in correct order after front resize
[32m[PASS][0m Element should be in correct order after front resize
[32m[PASS][0m Element should be in correct order after front resize
[32m[PASS][0m Element should be in correct order after front resize
[32m[PASS][0m Element should be in correct order after front resize
[32m[PASS][0m Element should be in correct order after front resize
[32m[PASS][0m Element should be in correct order after front resize
[32m[PASS][0m Element should be in correct order after front resize
[32m[PASS][0m Element should be in correct order after front resize
[32m[PASS][0m Element should be in correct order after front resize
[32m[PASS][0m Element should be in correct order after front resize
[32m[PASS][0m Element should be in correct order after front resize
[32m[PASS][0m Element should be in correct order after front resize
[32m[PASS][0m Element should be in correct order after front resize
[32m[PASS][0m Element should be in correct order after front resize
[32m[PASS][0m Element should be in correct order after front resize
[32m[PASS][0m Element should be in correct order after front resize
[32m[PASS][0m Element should be in correct order after front resize
[32m[PASS][0m Element should be in correct order after front resize
[32m[PASS][0m Element should be in correct order after front resize
[32m[PASS][0m Pop front on empty deque should return NULL
[32m[PASS][0m Pop back on empty deque should return NULL
[32m[PASS][0m Peek front on empty deque should return NULL
[32m[PASS][0m Peek back on empty deque should return NULL
[32m[PASS][0m Size of NULL deque should be 0
[32m[PASS][0m NULL deque should be considered empty
[32m[PASS][0m Pop front on NULL deque should return NULL
[32m[PASS][0m Pop back on NULL deque should return NULL
[32m[PASS][0m Peek front on NULL deque should return NULL
[32m[PASS][0m Peek back on NULL deque should return NULL
[32m[PASS][0m Get on NULL deque should return NULL
[32m[PASS][0m NULL deque operations should not crash
[32m[PASS][0m Deque size should be 7
[32m[PASS][0m First element should be 3
[32m[PASS][0m Last element should be 9
[32m[PASS][0m Deque high volume operations within time limit
[32m[PASS][0m Front string should match
[32m[PASS][0m Back string should match
[32m[PASS][0m Deque should have 10 elements
[32m[PASS][0m Pop front should return non-NULL
[32m[PASS][0m Pop back should return non-NULL
[32m[PASS][0m Pop front should return non-NULL
[32m[PASS][0m Pop back should return non-NULL
[32m[PASS][0m Pop front should return non-NULL
[32m[PASS][0m Pop back should return non-NULL
[32m[PASS][0m Pop front should return non-NULL
[32m[PASS][0m Pop back should return non-NULL
[32m[PASS][0m Pop front should return non-NULL
[32m[PASS][0m Pop back should return non-NULL
[32m[PASS][0m Deque should be empty after all pops
[32m[PASS][0m Deque push_front returns OVA_SUCCESS
[32m[PASS][0m Deque push_back returns OVA_SUCCESS
[32m[PASS][0m Deque push_front with NULL self returns OVA_ERROR_INVALID_ARG
[32m[PASS][0m Deque push_back with NULL self returns OVA_ERROR_INVALID_ARG
<end of output>
Test time =   0.00 sec
----------------------------------------------------------
Test Passed.
"test_deque" end time: May 01 04:41 UTC
"test_deque" time elapsed: 00:00:00
----------------------------------------------------------

24/29 Testing: test_memory_pool
24/29 Test: test_memory_pool
Command: "/home/runner/work/ova-lib/ova-lib/build-avx/bin/test_memory_pool"
Directory: /home/runner/work/ova-lib/ova-lib/build-avx
"test_memory_pool" start time: May 01 04:41 UTC
Output:
----------------------------------------------------------
[32m[PASS][0m create_memory_pool rejects block_size == 0
[32m[PASS][0m create_memory_pool rejects initial_blocks == 0
[32m[PASS][0m create_memory_pool rejects initial_blocks < 0
[32m[PASS][0m memory_pool_alloc returns non-NULL pointer
[32m[PASS][0m memory_pool_alloc returns zeroed memory
[32m[PASS][0m memory_pool_alloc succeeds for all initial blocks
[32m[PASS][0m memory_pool recycles freed blocks
[32m[PASS][0m memory_pool grows when initial blocks exhausted
[32m[PASS][0m active count is 0 on creation
[32m[PASS][0m active count is 2 after two allocations
[32m[PASS][0m active count is 1 after freeing one block
[32m[PASS][0m active count is 0 after freeing all blocks
[32m[PASS][0m memory_pool_alloc(NULL) returns NULL
[32m[PASS][0m memory_pool_free(NULL, ptr) is safe
[32m[PASS][0m memory_pool_free(pool, NULL) is safe
[32m[PASS][0m memory_pool_active_count(NULL) returns 0
[32m[PASS][0m memory_pool_destroy(NULL) is safe
[32m[PASS][0m memory_pool handles block_size < sizeof(void*)
[32m[PASS][0m memory_pool blocks are writable and readable
[32m[PASS][0m memory_pool handles 1000 allocations (auto-grow)
[32m[PASS][0m active count is 1000 after 1000 allocations
[32m[PASS][0m active count is 0 after freeing all 1000 blocks
<end of output>
Test time =   0.00 sec
----------------------------------------------------------
Test Passed.
"test_memory_pool" end time: May 01 04:41 UTC
"test_memory_pool" time elapsed: 00:00:00
----------------------------------------------------------

25/29 Testing: test_skip_list
25/29 Test: test_skip_list
Command: "/home/runner/work/ova-lib/ova-lib/build-avx/bin/test_skip_list"
Directory: /home/runner/work/ova-lib/ova-lib/build-avx
"test_skip_list" start time: May 01 04:41 UTC
Output:
----------------------------------------------------------
[32m[PASS][0m skip list creation
[32m[PASS][0m skip list creation with NULL comparator returns NULL
[32m[PASS][0m skip list creation with max_level=0 returns NULL
[32m[PASS][0m skip list size after inserts
[32m[PASS][0m skip list search returns correct value
[32m[PASS][0m skip list search for missing key returns NULL
[32m[PASS][0m skip list insert updates existing key value
[32m[PASS][0m skip list size unchanged after update
[32m[PASS][0m skip list delete returns OVA_SUCCESS
[32m[PASS][0m skip list deleted key not found
[32m[PASS][0m skip list size decremented after delete
[32m[PASS][0m skip list remaining key 20 intact
[32m[PASS][0m skip list remaining key 4 intact
[32m[PASS][0m skip list remaining key 70 intact
[32m[PASS][0m skip list remaining key 50 intact
[32m[PASS][0m skip list delete missing key returns OVA_ERROR_NOT_FOUND
[32m[PASS][0m skip list insert returns OVA_SUCCESS
[32m[PASS][0m skip list delete returns OVA_SUCCESS
[32m[PASS][0m skip list search all 200 elements
[32m[PASS][0m skip list delete alternating elements correct
[32m[PASS][0m skip list search on empty returns NULL
[32m[PASS][0m skip list delete on empty returns OVA_ERROR_NOT_FOUND
<end of output>
Test time =   0.00 sec
----------------------------------------------------------
Test Passed.
"test_skip_list" end time: May 01 04:41 UTC
"test_skip_list" time elapsed: 00:00:00
----------------------------------------------------------

26/29 Testing: test_clear
26/29 Test: test_clear
Command: "/home/runner/work/ova-lib/ova-lib/build-avx/bin/test_clear"
Directory: /home/runner/work/ova-lib/ova-lib/build-avx
"test_clear" start time: May 01 04:41 UTC
Output:
----------------------------------------------------------
[32m[PASS][0m Array list has 5 elements before clear
[32m[PASS][0m Array list is empty after clear
[32m[PASS][0m Array list usable after clear
[32m[PASS][0m Array list get after clear returns correct value
[32m[PASS][0m Linked list has 5 elements before clear
[32m[PASS][0m Linked list is empty after clear
[32m[PASS][0m Linked list usable after clear
[32m[PASS][0m Linked list get after clear returns correct value
[32m[PASS][0m Sorted list has 5 elements before clear
[32m[PASS][0m Sorted list is empty after clear
[32m[PASS][0m Sorted list usable after clear
[32m[PASS][0m Sorted list maintains order after clear
[32m[PASS][0m Clear on empty array list is safe
[32m[PASS][0m Clear on empty linked list is safe
[32m[PASS][0m Queue has 5 elements before clear
[32m[PASS][0m Queue is empty after clear
[32m[PASS][0m Queue size is 0 after clear
[32m[PASS][0m Queue usable after clear
[32m[PASS][0m Queue dequeue after clear returns correct value
[32m[PASS][0m Priority queue has 5 elements before clear
[32m[PASS][0m Priority queue is empty after clear
[32m[PASS][0m Priority queue size is 0 after clear
[32m[PASS][0m Priority queue usable after clear
[32m[PASS][0m Clear on empty queue is safe
[32m[PASS][0m Array stack has 5 elements before clear
[32m[PASS][0m Array stack is empty after clear
[32m[PASS][0m Array stack size is 0 after clear
[32m[PASS][0m Array stack usable after clear
[32m[PASS][0m Array stack top after clear returns correct value
[32m[PASS][0m Linked stack has 5 elements before clear
[32m[PASS][0m Linked stack is empty after clear
[32m[PASS][0m Linked stack size is 0 after clear
[32m[PASS][0m Linked stack usable after clear
[32m[PASS][0m Linked stack top after clear returns correct value
[32m[PASS][0m Clear on empty array stack is safe
[32m[PASS][0m Clear on empty linked stack is safe
[32m[PASS][0m Binary heap has 5 elements before clear
[32m[PASS][0m Binary heap is empty after clear
[32m[PASS][0m Binary heap usable after clear
[32m[PASS][0m Binary heap peek after clear returns correct value
[32m[PASS][0m Fibonacci heap has 5 elements before clear
[32m[PASS][0m Fibonacci heap is empty after clear
[32m[PASS][0m Fibonacci heap usable after clear
[32m[PASS][0m Fibonacci heap peek after clear returns correct value
[32m[PASS][0m Clear on empty binary heap is safe
[32m[PASS][0m Clear on empty fibonacci heap is safe
[32m[PASS][0m Map has 3 elements before clear
[32m[PASS][0m Map is empty after clear
[32m[PASS][0m Map get returns NULL after clear
[32m[PASS][0m Map get returns NULL for second key after clear
[32m[PASS][0m Map usable after clear
[32m[PASS][0m Map get after clear returns correct value
[32m[PASS][0m Map capacity preserved after clear
[32m[PASS][0m Clear on empty map is safe
[32m[PASS][0m Thread-safe map has 1 element before clear
[32m[PASS][0m Thread-safe map is empty after clear
[32m[PASS][0m Thread-safe map usable after clear
<end of output>
Test time =   0.00 sec
----------------------------------------------------------
Test Passed.
"test_clear" end time: May 01 04:41 UTC
"test_clear" time elapsed: 00:00:00
----------------------------------------------------------

27/29 Testing: test_user_data
27/29 Test: test_user_data
Command: "/home/runner/work/ova-lib/ova-lib/build-avx/bin/test_user_data"
Directory: /home/runner/work/ova-lib/ova-lib/build-avx
"test_user_data" start time: May 01 04:41 UTC
Output:
----------------------------------------------------------
[32m[PASS][0m List user_data
[32m[PASS][0m Map user_data
[32m[PASS][0m Set user_data
[32m[PASS][0m Tree user_data
[32m[PASS][0m Queue user_data
[32m[PASS][0m Stack user_data
[32m[PASS][0m Heap user_data
[32m[PASS][0m Deque user_data
[32m[PASS][0m Graph user_data
[32m[PASS][0m Bloom filter user_data
[32m[PASS][0m Matrix user_data
[32m[PASS][0m Vector user_data
[32m[PASS][0m Trie user_data
[32m[PASS][0m Sorter user_data
[32m[PASS][0m Solver user_data
[32m[PASS][0m LP problem user_data
[32m[PASS][0m Memory pool user_data
[32m[PASS][0m Memory pool user_data NULL pool
[32m[PASS][0m Skip list user_data
<end of output>
Test time =   0.00 sec
----------------------------------------------------------
Test Passed.
"test_user_data" end time: May 01 04:41 UTC
"test_user_data" time elapsed: 00:00:00
----------------------------------------------------------

28/29 Testing: test_clone
28/29 Test: test_clone
Command: "/home/runner/work/ova-lib/ova-lib/build-avx/bin/test_clone"
Directory: /home/runner/work/ova-lib/ova-lib/build-avx
"test_clone" start time: May 01 04:41 UTC
Output:
----------------------------------------------------------
[32m[PASS][0m Array list shallow clone has same size and same pointers
[32m[PASS][0m Linked list shallow clone has same size and same pointers
[32m[PASS][0m Array list deep clone has same values but different pointers
[32m[PASS][0m Linked list deep clone has same values but different pointers
[32m[PASS][0m Shallow clone of empty list has size 0
[32m[PASS][0m clone_shallow(NULL) and clone_deep(NULL) return NULL
[32m[PASS][0m Queue shallow clone has same size and same element pointers
[32m[PASS][0m Queue deep clone has same values but different pointers
[32m[PASS][0m Stack shallow clone has same size and same top pointer
[32m[PASS][0m Stack deep clone has same top value but different pointer
[32m[PASS][0m Deque shallow clone has same size and same element pointers
[32m[PASS][0m Deque deep clone has same values but different pointers
[32m[PASS][0m Map shallow clone has same size and same value pointers
[32m[PASS][0m Map deep clone has same values but different pointers
[32m[PASS][0m Set shallow clone has same size and contains same elements
[32m[PASS][0m Set deep clone has same size and contains same values
<end of output>
Test time =   0.00 sec
----------------------------------------------------------
Test Passed.
"test_clone" end time: May 01 04:41 UTC
"test_clone" time elapsed: 00:00:00
----------------------------------------------------------

29/29 Testing: test_property
29/29 Test: test_property
Command: "/home/runner/work/ova-lib/ova-lib/build-avx/bin/test_property"
Directory: /home/runner/work/ova-lib/ova-lib/build-avx
"test_property" start time: May 01 04:41 UTC
Output:
----------------------------------------------------------
Property test seed: 1777610466
[32m[PASS][0m List: insert then get returns same element (100 iterations)
[32m[PASS][0m Sorting: result is non-decreasing sequence (100 iterations)
[32m[PASS][0m Set: union is commutative (100 iterations)
[32m[PASS][0m Set: union is associative (100 iterations)
[32m[PASS][0m Matrix: multiplication is associative (100 iterations)
<end of output>
Test time =   0.00 sec
----------------------------------------------------------
Test Passed.
"test_property" end time: May 01 04:41 UTC
"test_property" time elapsed: 00:00:00
----------------------------------------------------------

End testing: May 01 04:41 UTC
